<?xml version="1.0" encoding="utf-8"?>
<CoverageSession xmlns:xsd="http://www.w3.org/2001/XMLSchema" xmlns:xsi="http://www.w3.org/2001/XMLSchema-instance">
  <Summary numSequencePoints="32" visitedSequencePoints="26" numBranchPoints="14" visitedBranchPoints="11" sequenceCoverage="81.25" branchCoverage="78.57" maxCyclomaticComplexity="2" minCyclomaticComplexity="1" visitedClasses="1" numClasses="2" visitedMethods="9" numMethods="10" />
  <Modules>
    <Module skippedDueTo="Filter" hash="44-9C-80-98-C8-8D-FB-A7-9D-94-FD-E6-5A-C2-4F-FF-CB-3B-3F-CD">
      <FullName>C:\Program Files\dotnet\shared\Microsoft.NETCore.App\2.0.9\System.Private.CoreLib.dll</FullName>
      <ModuleName>System.Private.CoreLib</ModuleName>
      <Classes />
    </Module>
    <Module skippedDueTo="MissingPdb" hash="61-02-65-7F-EF-CE-44-4E-18-1F-D9-E6-89-03-81-76-06-46-04-EF">
      <FullName>c:\Projects\NetworkAdapterManager\packages\xunit.runner.console.2.3.1\tools\netcoreapp2.0\xunit.console.dll</FullName>
      <ModuleName>xunit.console</ModuleName>
      <Classes />
    </Module>
    <Module skippedDueTo="Filter" hash="C9-B3-C3-8D-F4-E8-85-E1-6A-71-28-63-AF-3C-A9-B7-AF-AB-CF-81">
      <FullName>C:\Program Files\dotnet\shared\Microsoft.NETCore.App\2.0.9\System.Runtime.dll</FullName>
      <ModuleName>System.Runtime</ModuleName>
      <Classes />
    </Module>
    <Module skippedDueTo="Filter" hash="95-30-22-0A-6C-BD-BB-12-77-7C-3F-8D-C0-09-B4-34-B6-A6-B9-D7">
      <FullName>C:\Program Files\dotnet\shared\Microsoft.NETCore.App\2.0.9\System.Runtime.Extensions.dll</FullName>
      <ModuleName>System.Runtime.Extensions</ModuleName>
      <Classes />
    </Module>
    <Module skippedDueTo="Filter" hash="D2-95-62-82-67-79-CB-70-28-87-AC-0A-38-37-10-AE-25-1B-73-8A">
      <FullName>C:\Program Files\dotnet\shared\Microsoft.NETCore.App\2.0.9\System.Runtime.Loader.dll</FullName>
      <ModuleName>System.Runtime.Loader</ModuleName>
      <Classes />
    </Module>
    <Module skippedDueTo="Filter" hash="43-E8-F0-B3-67-8C-54-40-51-4D-58-85-75-ED-55-E9-5C-CD-21-04">
      <FullName>C:\Program Files\dotnet\shared\Microsoft.NETCore.App\2.0.9\System.Collections.Concurrent.dll</FullName>
      <ModuleName>System.Collections.Concurrent</ModuleName>
      <Classes />
    </Module>
    <Module skippedDueTo="MissingPdb" hash="6C-70-99-39-C8-AC-97-10-91-F0-4A-48-3C-01-E7-85-37-E6-74-73">
      <FullName>c:\Projects\NetworkAdapterManager\packages\xunit.runner.console.2.3.1\tools\netcoreapp2.0\xunit.runner.utility.netcoreapp10.dll</FullName>
      <ModuleName>xunit.runner.utility.netcoreapp10</ModuleName>
      <Classes />
    </Module>
    <Module skippedDueTo="Filter" hash="DF-53-CF-67-CA-DE-B1-A5-CA-0B-98-0A-F9-4A-AB-84-6B-09-BC-3C">
      <FullName>C:\Program Files\dotnet\shared\Microsoft.NETCore.App\2.0.9\System.Collections.dll</FullName>
      <ModuleName>System.Collections</ModuleName>
      <Classes />
    </Module>
    <Module skippedDueTo="Filter" hash="74-4A-1E-37-8A-56-AD-22-E1-AE-C2-C4-38-52-DF-D7-65-36-22-E1">
      <FullName>C:\Program Files\dotnet\shared\Microsoft.NETCore.App\2.0.9\System.Console.dll</FullName>
      <ModuleName>System.Console</ModuleName>
      <Classes />
    </Module>
    <Module skippedDueTo="Filter" hash="9D-9F-49-BB-7E-31-58-51-30-B9-D0-CB-BE-03-BB-C4-18-34-53-A3">
      <FullName>C:\Program Files\dotnet\shared\Microsoft.NETCore.App\2.0.9\System.IO.FileSystem.dll</FullName>
      <ModuleName>System.IO.FileSystem</ModuleName>
      <Classes />
    </Module>
    <Module skippedDueTo="MissingPdb" hash="B0-B5-C0-AC-8F-ED-19-5A-16-9D-EB-36-65-DC-8C-22-7E-ED-85-07">
      <FullName>c:\Projects\NetworkAdapterManager\packages\xunit.runner.console.2.3.1\tools\netcoreapp2.0\xunit.abstractions.dll</FullName>
      <ModuleName>xunit.abstractions</ModuleName>
      <Classes />
    </Module>
    <Module skippedDueTo="Filter" hash="4C-BD-A1-9F-8C-F8-20-90-EC-1E-44-E4-36-93-CD-00-A7-BD-41-B1">
      <FullName>C:\Program Files\dotnet\shared\Microsoft.NETCore.App\2.0.9\System.Diagnostics.Debug.dll</FullName>
      <ModuleName>System.Diagnostics.Debug</ModuleName>
      <Classes />
    </Module>
    <Module skippedDueTo="Filter" hash="03-CF-55-7E-AB-A7-EA-C5-91-9B-FF-03-9C-B9-14-D1-B6-5E-E0-5E">
      <FullName>C:\Program Files\dotnet\shared\Microsoft.NETCore.App\2.0.9\System.Linq.dll</FullName>
      <ModuleName>System.Linq</ModuleName>
      <Classes />
    </Module>
    <Module skippedDueTo="Filter" hash="BD-5E-3F-DA-25-37-84-84-A2-83-F9-1C-6B-D0-47-53-FC-DD-BA-D8">
      <FullName>C:\Program Files\dotnet\shared\Microsoft.NETCore.App\2.0.9\System.Runtime.InteropServices.dll</FullName>
      <ModuleName>System.Runtime.InteropServices</ModuleName>
      <Classes />
    </Module>
    <Module skippedDueTo="MissingPdb" hash="A3-8F-68-59-7E-D2-A3-83-65-73-18-8A-2D-0C-4A-32-BE-52-96-5C">
      <FullName>c:\Projects\NetworkAdapterManager\packages\xunit.runner.console.2.3.1\tools\netcoreapp2.0\xunit.runner.reporters.netcoreapp10.dll</FullName>
      <ModuleName>xunit.runner.reporters.netcoreapp10</ModuleName>
      <Classes />
    </Module>
    <Module skippedDueTo="Filter" hash="EB-3D-3F-E7-3A-05-F1-0D-2E-EA-A4-74-E1-B9-3A-36-CC-BD-31-A9">
      <FullName>C:\Program Files\dotnet\shared\Microsoft.NETCore.App\2.0.9\System.Threading.Tasks.dll</FullName>
      <ModuleName>System.Threading.Tasks</ModuleName>
      <Classes />
    </Module>
    <Module skippedDueTo="Filter" hash="A7-9B-25-35-BD-0C-A6-91-D9-83-B1-F8-D9-FF-90-F6-7C-43-33-71">
      <FullName>C:\Program Files\dotnet\shared\Microsoft.NETCore.App\2.0.9\System.Net.Http.dll</FullName>
      <ModuleName>System.Net.Http</ModuleName>
      <Classes />
    </Module>
    <Module skippedDueTo="Filter" hash="71-B1-FC-F3-01-F7-1C-73-7A-A8-DD-6B-20-BD-48-AC-38-7C-F5-B6">
      <FullName>C:\Program Files\dotnet\shared\Microsoft.NETCore.App\2.0.9\System.Net.Primitives.dll</FullName>
      <ModuleName>System.Net.Primitives</ModuleName>
      <Classes />
    </Module>
    <Module skippedDueTo="Filter" hash="11-3A-BA-44-77-D5-4D-EA-80-0C-BA-83-C7-51-75-1A-0F-96-44-56">
      <FullName>C:\Program Files\dotnet\shared\Microsoft.NETCore.App\2.0.9\System.IO.FileSystem.Primitives.dll</FullName>
      <ModuleName>System.IO.FileSystem.Primitives</ModuleName>
      <Classes />
    </Module>
    <Module skippedDueTo="Filter" hash="44-84-90-FC-2E-CB-A8-6E-CF-DB-F9-09-2B-85-F7-97-7D-09-0C-D7">
      <FullName>C:\Program Files\dotnet\shared\Microsoft.NETCore.App\2.0.9\System.Reflection.dll</FullName>
      <ModuleName>System.Reflection</ModuleName>
      <Classes />
    </Module>
    <Module skippedDueTo="Filter" hash="D5-20-E1-C3-5E-DE-A6-C5-F5-86-74-29-6F-F7-A6-AF-1C-3F-D6-54">
      <FullName>C:\Program Files\dotnet\shared\Microsoft.NETCore.App\2.0.9\System.Threading.dll</FullName>
      <ModuleName>System.Threading</ModuleName>
      <Classes />
    </Module>
    <Module skippedDueTo="Filter" hash="D8-B6-59-6C-77-EB-6C-D5-1D-63-7F-49-36-1A-39-0B-38-80-E2-7C">
      <FullName>C:\Program Files\dotnet\shared\Microsoft.NETCore.App\2.0.9\System.IO.dll</FullName>
      <ModuleName>System.IO</ModuleName>
      <Classes />
    </Module>
    <Module skippedDueTo="Filter" hash="3C-AD-0E-01-1D-3B-14-17-1E-D9-D5-82-9A-9A-5A-17-1F-7F-64-BB">
      <FullName>C:\Program Files\dotnet\shared\Microsoft.NETCore.App\2.0.9\System.Reflection.Extensions.dll</FullName>
      <ModuleName>System.Reflection.Extensions</ModuleName>
      <Classes />
    </Module>
    <Module skippedDueTo="Filter" hash="90-66-CA-B6-32-8D-FD-C1-A8-C9-09-26-E0-1A-D0-AE-69-7A-1D-34">
      <FullName>C:\Program Files\dotnet\shared\Microsoft.NETCore.App\2.0.9\System.Runtime.InteropServices.RuntimeInformation.dll</FullName>
      <ModuleName>System.Runtime.InteropServices.RuntimeInformation</ModuleName>
      <Classes />
    </Module>
    <Module skippedDueTo="Filter" hash="42-AF-93-A6-0A-B6-13-72-72-49-D1-44-EF-CF-75-27-80-71-CA-15">
      <FullName>C:\Program Files\dotnet\shared\Microsoft.NETCore.App\2.0.9\System.Text.Encoding.Extensions.dll</FullName>
      <ModuleName>System.Text.Encoding.Extensions</ModuleName>
      <Classes />
    </Module>
    <Module skippedDueTo="Filter" hash="DC-A4-41-56-E5-99-C0-70-34-D6-3D-14-FA-B9-75-31-E0-49-EA-20">
      <FullName>C:\Program Files\dotnet\shared\Microsoft.NETCore.App\2.0.9\System.Xml.XDocument.dll</FullName>
      <ModuleName>System.Xml.XDocument</ModuleName>
      <Classes />
    </Module>
    <Module skippedDueTo="Filter" hash="E5-00-B1-80-28-4A-C6-43-32-1D-86-92-F5-4D-38-5C-C8-28-5C-D7">
      <FullName>C:\Program Files\dotnet\shared\Microsoft.NETCore.App\2.0.9\System.Private.Xml.Linq.dll</FullName>
      <ModuleName>System.Private.Xml.Linq</ModuleName>
      <Classes />
    </Module>
    <Module skippedDueTo="Filter" hash="5D-D4-EA-C1-A7-9F-CD-28-16-79-7E-A8-AC-52-ED-CC-4A-6E-FD-17">
      <FullName>C:\Program Files\dotnet\shared\Microsoft.NETCore.App\2.0.9\System.Private.Xml.dll</FullName>
      <ModuleName>System.Private.Xml</ModuleName>
      <Classes />
    </Module>
    <Module hash="ED-15-A9-04-65-AF-BA-2F-7E-7D-EB-7B-F0-6D-B0-B7-FD-EF-95-EB">
      <Summary numSequencePoints="32" visitedSequencePoints="26" numBranchPoints="14" visitedBranchPoints="11" sequenceCoverage="81.25" branchCoverage="78.57" maxCyclomaticComplexity="2" minCyclomaticComplexity="1" visitedClasses="1" numClasses="2" visitedMethods="9" numMethods="10" />
      <FullName>c:\Projects\NetworkAdapterManager\NetManager.Tests\bin\Debug\netcoreapp2.0\NetManager.Tests.dll</FullName>
      <ModuleName>NetManager.Tests</ModuleName>
      <Files>
        <File uid="1" fullPath="D:\Projects\NetworkAdapterManager\NetManager.Tests\obj\Debug\netcoreapp2.0\NetManager.Tests.Program.cs" />
        <File uid="2" fullPath="D:\Projects\NetworkAdapterManager\NetManager.Tests\Integration\Services\AdapterServiceTests.cs" />
      </Files>
      <Classes>
        <Class>
          <Summary numSequencePoints="0" visitedSequencePoints="0" numBranchPoints="0" visitedBranchPoints="0" sequenceCoverage="0" branchCoverage="0" maxCyclomaticComplexity="0" minCyclomaticComplexity="0" visitedClasses="0" numClasses="0" visitedMethods="0" numMethods="0" />
          <FullName>&lt;Module&gt;</FullName>
          <Methods />
        </Class>
        <Class>
          <Summary numSequencePoints="2" visitedSequencePoints="0" numBranchPoints="1" visitedBranchPoints="0" sequenceCoverage="0" branchCoverage="0" maxCyclomaticComplexity="1" minCyclomaticComplexity="1" visitedClasses="0" numClasses="1" visitedMethods="0" numMethods="1" />
          <FullName>AutoGeneratedProgram</FullName>
          <Methods>
            <Method visited="false" cyclomaticComplexity="1" sequenceCoverage="0" branchCoverage="0" isConstructor="false" isStatic="true" isGetter="false" isSetter="false">
              <Summary numSequencePoints="2" visitedSequencePoints="0" numBranchPoints="1" visitedBranchPoints="0" sequenceCoverage="0" branchCoverage="0" maxCyclomaticComplexity="1" minCyclomaticComplexity="1" visitedClasses="0" numClasses="0" visitedMethods="0" numMethods="1" />
              <MetadataToken>100663297</MetadataToken>
              <Name>System.Void AutoGeneratedProgram::Main(System.String[])</Name>
              <FileRef uid="1" />
              <SequencePoints>
                <SequencePoint vc="0" uspid="1" ordinal="0" offset="0" sl="4" sc="60" el="4" ec="61" bec="0" bev="0" fileid="1" />
                <SequencePoint vc="0" uspid="2" ordinal="1" offset="1" sl="4" sc="61" el="4" ec="62" bec="0" bev="0" fileid="1" />
              </SequencePoints>
              <BranchPoints />
              <MethodPoint xsi:type="SequencePoint" vc="0" uspid="1" ordinal="0" offset="0" sl="4" sc="60" el="4" ec="61" bec="0" bev="0" fileid="1" />
            </Method>
            <Method visited="false" cyclomaticComplexity="1" sequenceCoverage="0" branchCoverage="0" isConstructor="true" isStatic="false" isGetter="false" isSetter="false">
              <Summary numSequencePoints="0" visitedSequencePoints="0" numBranchPoints="0" visitedBranchPoints="0" sequenceCoverage="0" branchCoverage="0" maxCyclomaticComplexity="1" minCyclomaticComplexity="1" visitedClasses="0" numClasses="0" visitedMethods="0" numMethods="0" />
              <MetadataToken>100663298</MetadataToken>
              <Name>System.Void AutoGeneratedProgram::.ctor()</Name>
              <SequencePoints />
              <BranchPoints />
              <MethodPoint vc="0" uspid="3" ordinal="0" offset="0" />
            </Method>
          </Methods>
        </Class>
        <Class>
          <Summary numSequencePoints="30" visitedSequencePoints="26" numBranchPoints="13" visitedBranchPoints="11" sequenceCoverage="86.67" branchCoverage="84.62" maxCyclomaticComplexity="2" minCyclomaticComplexity="1" visitedClasses="1" numClasses="1" visitedMethods="9" numMethods="9" />
          <FullName>NetManager.Tests.Integration.Services.AdapterServiceTests</FullName>
          <Methods>
            <Method visited="true" cyclomaticComplexity="1" sequenceCoverage="100" branchCoverage="100" isConstructor="true" isStatic="false" isGetter="false" isSetter="false">
              <Summary numSequencePoints="5" visitedSequencePoints="5" numBranchPoints="1" visitedBranchPoints="1" sequenceCoverage="100" branchCoverage="100" maxCyclomaticComplexity="1" minCyclomaticComplexity="1" visitedClasses="0" numClasses="0" visitedMethods="1" numMethods="1" />
              <MetadataToken>100663299</MetadataToken>
              <Name>System.Void NetManager.Tests.Integration.Services.AdapterServiceTests::.ctor()</Name>
              <FileRef uid="2" />
              <SequencePoints>
                <SequencePoint vc="5" uspid="4" ordinal="0" offset="0" sl="15" sc="3" el="15" ec="31" bec="0" bev="0" fileid="2" />
                <SequencePoint vc="5" uspid="5" ordinal="1" offset="7" sl="15" sc="32" el="15" ec="33" bec="0" bev="0" fileid="2" />
                <SequencePoint vc="5" uspid="6" ordinal="2" offset="8" sl="16" sc="4" el="16" ec="33" bec="0" bev="0" fileid="2" />
                <SequencePoint vc="5" uspid="7" ordinal="3" offset="19" sl="17" sc="4" el="17" ec="37" bec="0" bev="0" fileid="2" />
                <SequencePoint vc="5" uspid="8" ordinal="4" offset="36" sl="18" sc="3" el="18" ec="4" bec="0" bev="0" fileid="2" />
              </SequencePoints>
              <BranchPoints />
              <MethodPoint xsi:type="SequencePoint" vc="5" uspid="4" ordinal="0" offset="0" sl="15" sc="3" el="15" ec="31" bec="0" bev="0" fileid="2" />
            </Method>
            <Method visited="true" cyclomaticComplexity="1" sequenceCoverage="100" branchCoverage="100" isConstructor="false" isStatic="false" isGetter="false" isSetter="false">
              <Summary numSequencePoints="3" visitedSequencePoints="3" numBranchPoints="1" visitedBranchPoints="1" sequenceCoverage="100" branchCoverage="100" maxCyclomaticComplexity="1" minCyclomaticComplexity="1" visitedClasses="0" numClasses="0" visitedMethods="1" numMethods="1" />
              <MetadataToken>100663300</MetadataToken>
              <Name>System.Void NetManager.Tests.Integration.Services.AdapterServiceTests::GetAdapters_Pass()</Name>
              <FileRef uid="2" />
              <SequencePoints>
                <SequencePoint vc="1" uspid="9" ordinal="0" offset="0" sl="21" sc="34" el="21" ec="35" bec="0" bev="0" fileid="2" />
                <SequencePoint vc="1" uspid="10" ordinal="1" offset="1" sl="23" sc="4" el="23" ec="33" bec="0" bev="0" fileid="2" />
                <SequencePoint vc="1" uspid="11" ordinal="2" offset="13" sl="25" sc="3" el="25" ec="4" bec="0" bev="0" fileid="2" />
              </SequencePoints>
              <BranchPoints />
              <MethodPoint xsi:type="SequencePoint" vc="1" uspid="9" ordinal="0" offset="0" sl="21" sc="34" el="21" ec="35" bec="0" bev="0" fileid="2" />
            </Method>
            <Method visited="true" cyclomaticComplexity="2" sequenceCoverage="71.43" branchCoverage="66.67" isConstructor="false" isStatic="false" isGetter="false" isSetter="false">
              <Summary numSequencePoints="7" visitedSequencePoints="5" numBranchPoints="3" visitedBranchPoints="2" sequenceCoverage="71.43" branchCoverage="66.67" maxCyclomaticComplexity="2" minCyclomaticComplexity="2" visitedClasses="0" numClasses="0" visitedMethods="1" numMethods="1" />
              <MetadataToken>100663301</MetadataToken>
              <Name>System.Void NetManager.Tests.Integration.Services.AdapterServiceTests::GetAddresses_Pass()</Name>
              <FileRef uid="2" />
              <SequencePoints>
                <SequencePoint vc="1" uspid="12" ordinal="0" offset="0" sl="28" sc="35" el="28" ec="36" bec="0" bev="0" fileid="2" />
                <SequencePoint vc="1" uspid="13" ordinal="1" offset="1" sl="29" sc="4" el="29" ec="27" bec="2" bev="1" fileid="2" />
                <SequencePoint vc="0" uspid="14" ordinal="2" offset="19" sl="29" sc="28" el="29" ec="29" bec="0" bev="0" fileid="2" />
                <SequencePoint vc="0" uspid="15" ordinal="3" offset="20" sl="30" sc="5" el="30" ec="12" bec="0" bev="0" fileid="2" />
                <SequencePoint vc="1" uspid="16" ordinal="4" offset="22" sl="33" sc="4" el="33" ec="80" bec="0" bev="0" fileid="2" />
                <SequencePoint vc="1" uspid="17" ordinal="5" offset="50" sl="35" sc="4" el="35" ec="32" bec="0" bev="0" fileid="2" />
                <SequencePoint vc="1" uspid="18" ordinal="6" offset="57" sl="37" sc="3" el="37" ec="4" bec="0" bev="0" fileid="2" />
              </SequencePoints>
              <BranchPoints>
                <BranchPoint vc="0" uspid="19" ordinal="0" offset="17" sl="29" path="0" offsetend="19" fileid="2" />
                <BranchPoint vc="1" uspid="20" ordinal="1" offset="17" sl="29" path="1" offsetend="22" fileid="2" />
              </BranchPoints>
              <MethodPoint xsi:type="SequencePoint" vc="1" uspid="12" ordinal="0" offset="0" sl="28" sc="35" el="28" ec="36" bec="0" bev="0" fileid="2" />
            </Method>
            <Method visited="true" cyclomaticComplexity="2" sequenceCoverage="66.67" branchCoverage="66.67" isConstructor="false" isStatic="false" isGetter="false" isSetter="false">
              <Summary numSequencePoints="6" visitedSequencePoints="4" numBranchPoints="3" visitedBranchPoints="2" sequenceCoverage="66.67" branchCoverage="66.67" maxCyclomaticComplexity="2" minCyclomaticComplexity="2" visitedClasses="0" numClasses="0" visitedMethods="1" numMethods="1" />
              <MetadataToken>100663302</MetadataToken>
              <Name>System.Void NetManager.Tests.Integration.Services.AdapterServiceTests::GetAddresses_IncorrectAdapterId_KeyNotFoundException()</Name>
              <FileRef uid="2" />
              <SequencePoints>
                <SequencePoint vc="1" uspid="21" ordinal="0" offset="0" sl="40" sc="70" el="40" ec="71" bec="0" bev="0" fileid="2" />
                <SequencePoint vc="1" uspid="22" ordinal="1" offset="1" sl="41" sc="4" el="41" ec="27" bec="2" bev="1" fileid="2" />
                <SequencePoint vc="0" uspid="23" ordinal="2" offset="19" sl="41" sc="28" el="41" ec="29" bec="0" bev="0" fileid="2" />
                <SequencePoint vc="0" uspid="24" ordinal="3" offset="20" sl="42" sc="5" el="42" ec="12" bec="0" bev="0" fileid="2" />
                <SequencePoint vc="1" uspid="25" ordinal="4" offset="22" sl="45" sc="4" el="45" ec="79" bec="0" bev="0" fileid="2" />
                <SequencePoint vc="1" uspid="26" ordinal="5" offset="40" sl="47" sc="3" el="47" ec="4" bec="0" bev="0" fileid="2" />
              </SequencePoints>
              <BranchPoints>
                <BranchPoint vc="0" uspid="27" ordinal="0" offset="17" sl="41" path="0" offsetend="19" fileid="2" />
                <BranchPoint vc="1" uspid="28" ordinal="1" offset="17" sl="41" path="1" offsetend="22" fileid="2" />
              </BranchPoints>
              <MethodPoint xsi:type="SequencePoint" vc="1" uspid="21" ordinal="0" offset="0" sl="40" sc="70" el="40" ec="71" bec="0" bev="0" fileid="2" />
            </Method>
            <Method visited="true" cyclomaticComplexity="1" sequenceCoverage="100" branchCoverage="100" isConstructor="false" isStatic="false" isGetter="false" isSetter="false">
              <Summary numSequencePoints="3" visitedSequencePoints="3" numBranchPoints="1" visitedBranchPoints="1" sequenceCoverage="100" branchCoverage="100" maxCyclomaticComplexity="1" minCyclomaticComplexity="1" visitedClasses="0" numClasses="0" visitedMethods="1" numMethods="1" />
              <MetadataToken>100663303</MetadataToken>
              <Name>System.Void NetManager.Tests.Integration.Services.AdapterServiceTests::AddAddress_IncorrectIp_FormatException()</Name>
              <FileRef uid="2" />
              <SequencePoints>
                <SequencePoint vc="1" uspid="29" ordinal="0" offset="0" sl="51" sc="56" el="51" ec="57" bec="0" bev="0" fileid="2" />
                <SequencePoint vc="1" uspid="30" ordinal="1" offset="1" sl="53" sc="4" el="53" ec="79" bec="0" bev="0" fileid="2" />
                <SequencePoint vc="1" uspid="31" ordinal="2" offset="19" sl="55" sc="3" el="55" ec="4" bec="0" bev="0" fileid="2" />
              </SequencePoints>
              <BranchPoints />
              <MethodPoint xsi:type="SequencePoint" vc="1" uspid="29" ordinal="0" offset="0" sl="51" sc="56" el="51" ec="57" bec="0" bev="0" fileid="2" />
            </Method>
            <Method visited="true" cyclomaticComplexity="1" sequenceCoverage="100" branchCoverage="100" isConstructor="false" isStatic="false" isGetter="false" isSetter="false">
              <Summary numSequencePoints="3" visitedSequencePoints="3" numBranchPoints="1" visitedBranchPoints="1" sequenceCoverage="100" branchCoverage="100" maxCyclomaticComplexity="1" minCyclomaticComplexity="1" visitedClasses="0" numClasses="0" visitedMethods="1" numMethods="1" />
              <MetadataToken>100663304</MetadataToken>
              <Name>System.Void NetManager.Tests.Integration.Services.AdapterServiceTests::AddAddress_IncorrectAdapterId_KeyNotFoundException()</Name>
              <FileRef uid="2" />
              <SequencePoints>
                <SequencePoint vc="1" uspid="32" ordinal="0" offset="0" sl="58" sc="68" el="58" ec="69" bec="0" bev="0" fileid="2" />
                <SequencePoint vc="1" uspid="33" ordinal="1" offset="1" sl="60" sc="4" el="60" ec="94" bec="0" bev="0" fileid="2" />
                <SequencePoint vc="1" uspid="34" ordinal="2" offset="19" sl="62" sc="3" el="62" ec="4" bec="0" bev="0" fileid="2" />
              </SequencePoints>
              <BranchPoints />
              <MethodPoint xsi:type="SequencePoint" vc="1" uspid="32" ordinal="0" offset="0" sl="58" sc="68" el="58" ec="69" bec="0" bev="0" fileid="2" />
            </Method>
            <Method visited="true" cyclomaticComplexity="1" sequenceCoverage="100" branchCoverage="100" isConstructor="false" isStatic="false" isGetter="false" isSetter="false">
              <Summary numSequencePoints="1" visitedSequencePoints="1" numBranchPoints="1" visitedBranchPoints="1" sequenceCoverage="100" branchCoverage="100" maxCyclomaticComplexity="1" minCyclomaticComplexity="1" visitedClasses="0" numClasses="0" visitedMethods="1" numMethods="1" />
              <MetadataToken>100663305</MetadataToken>
              <Name>System.Object NetManager.Tests.Integration.Services.AdapterServiceTests::&lt;GetAddresses_IncorrectAdapterId_KeyNotFoundException&gt;b__5_0()</Name>
              <FileRef uid="2" />
              <SequencePoints>
                <SequencePoint vc="1" uspid="35" ordinal="0" offset="0" sl="45" sc="47" el="45" ec="76" bec="0" bev="0" fileid="2" />
              </SequencePoints>
              <BranchPoints />
              <MethodPoint xsi:type="SequencePoint" vc="1" uspid="35" ordinal="0" offset="0" sl="45" sc="47" el="45" ec="76" bec="0" bev="0" fileid="2" />
            </Method>
            <Method visited="true" cyclomaticComplexity="1" sequenceCoverage="100" branchCoverage="100" isConstructor="false" isStatic="false" isGetter="false" isSetter="false">
              <Summary numSequencePoints="1" visitedSequencePoints="1" numBranchPoints="1" visitedBranchPoints="1" sequenceCoverage="100" branchCoverage="100" maxCyclomaticComplexity="1" minCyclomaticComplexity="1" visitedClasses="0" numClasses="0" visitedMethods="1" numMethods="1" />
              <MetadataToken>100663306</MetadataToken>
              <Name>System.Object NetManager.Tests.Integration.Services.AdapterServiceTests::&lt;AddAddress_IncorrectIp_FormatException&gt;b__6_0()</Name>
              <FileRef uid="2" />
              <SequencePoints>
                <SequencePoint vc="1" uspid="36" ordinal="0" offset="0" sl="53" sc="42" el="53" ec="76" bec="0" bev="0" fileid="2" />
              </SequencePoints>
              <BranchPoints />
              <MethodPoint xsi:type="SequencePoint" vc="1" uspid="36" ordinal="0" offset="0" sl="53" sc="42" el="53" ec="76" bec="0" bev="0" fileid="2" />
            </Method>
            <Method visited="true" cyclomaticComplexity="1" sequenceCoverage="100" branchCoverage="100" isConstructor="false" isStatic="false" isGetter="false" isSetter="false">
              <Summary numSequencePoints="1" visitedSequencePoints="1" numBranchPoints="1" visitedBranchPoints="1" sequenceCoverage="100" branchCoverage="100" maxCyclomaticComplexity="1" minCyclomaticComplexity="1" visitedClasses="0" numClasses="0" visitedMethods="1" numMethods="1" />
              <MetadataToken>100663307</MetadataToken>
              <Name>System.Object NetManager.Tests.Integration.Services.AdapterServiceTests::&lt;AddAddress_IncorrectAdapterId_KeyNotFoundException&gt;b__7_0()</Name>
              <FileRef uid="2" />
              <SequencePoints>
                <SequencePoint vc="1" uspid="37" ordinal="0" offset="0" sl="60" sc="47" el="60" ec="91" bec="0" bev="0" fileid="2" />
              </SequencePoints>
              <BranchPoints />
              <MethodPoint xsi:type="SequencePoint" vc="1" uspid="37" ordinal="0" offset="0" sl="60" sc="47" el="60" ec="91" bec="0" bev="0" fileid="2" />
            </Method>
          </Methods>
        </Class>
      </Classes>
    </Module>
    <Module skippedDueTo="Filter" hash="B0-3B-56-52-AE-B3-85-82-2C-49-6F-14-8D-CF-38-50-CA-42-8C-C1">
      <FullName>C:\Program Files\dotnet\shared\Microsoft.NETCore.App\2.0.9\System.AppContext.dll</FullName>
      <ModuleName>System.AppContext</ModuleName>
      <Classes />
    </Module>
    <Module skippedDueTo="Filter" hash="E5-E0-9C-FB-2A-0A-CF-67-A3-B3-0F-14-9B-3B-B0-5D-72-0C-91-4D">
      <FullName>C:\Program Files\dotnet\shared\Microsoft.NETCore.App\2.0.9\System.Globalization.dll</FullName>
      <ModuleName>System.Globalization</ModuleName>
      <Classes />
    </Module>
    <Module skippedDueTo="Filter" hash="F4-FB-4A-7D-75-D4-3A-6D-DB-B8-57-57-CE-52-02-14-15-7D-A6-F7">
      <FullName>C:\Program Files\dotnet\shared\Microsoft.NETCore.App\2.0.9\System.Reflection.TypeExtensions.dll</FullName>
      <ModuleName>System.Reflection.TypeExtensions</ModuleName>
      <Classes />
    </Module>
    <Module skippedDueTo="MissingPdb" hash="24-3D-4B-CF-99-93-9C-8B-A7-72-51-22-D8-3B-17-EC-1D-3B-4F-6F">
      <FullName>C:\Users\alex\.nuget\packages\microsoft.testplatform.objectmodel\15.7.0\lib\netstandard1.5\Microsoft.VisualStudio.TestPlatform.ObjectModel.dll</FullName>
      <ModuleName>Microsoft.VisualStudio.TestPlatform.ObjectModel</ModuleName>
      <Classes />
    </Module>
    <Module skippedDueTo="MissingPdb" hash="E3-6E-00-D8-65-B5-77-8F-A6-87-2B-7E-91-AA-43-C2-F5-06-E3-D2">
      <FullName>C:\Users\alex\.nuget\packages\xunit.extensibility.execution\2.4.1\lib\netstandard1.1\xunit.execution.dotnet.dll</FullName>
      <ModuleName>xunit.execution.dotnet</ModuleName>
      <Classes />
    </Module>
    <Module skippedDueTo="MissingPdb" hash="04-8A-E8-86-D2-B9-0C-14-B0-FB-AC-8F-85-2A-95-37-A1-72-00-13">
      <FullName>C:\Users\alex\.nuget\packages\xunit.extensibility.core\2.4.1\lib\netstandard1.1\xunit.core.dll</FullName>
      <ModuleName>xunit.core</ModuleName>
      <Classes />
    </Module>
    <Module skippedDueTo="Filter" hash="EF-DE-46-CF-15-5F-9A-B8-E1-D1-F4-51-59-99-DB-3F-EA-91-DB-96">
      <FullName>C:\Program Files\dotnet\shared\Microsoft.NETCore.App\2.0.9\System.Text.RegularExpressions.dll</FullName>
      <ModuleName>System.Text.RegularExpressions</ModuleName>
      <Classes />
    </Module>
    <Module skippedDueTo="Filter" hash="A4-DE-38-83-DB-43-7E-4E-85-8C-AE-C8-20-24-0A-D2-FC-C5-7F-D6">
      <FullName>C:\Program Files\dotnet\shared\Microsoft.NETCore.App\2.0.9\System.Linq.Expressions.dll</FullName>
      <ModuleName>System.Linq.Expressions</ModuleName>
      <Classes />
    </Module>
    <Module skippedDueTo="Filter" hash="9D-2D-C6-6B-C9-89-21-91-E5-01-02-B1-AB-F2-9B-73-56-CB-83-81">
      <FullName>C:\Program Files\dotnet\shared\Microsoft.NETCore.App\2.0.9\System.Reflection.Emit.ILGeneration.dll</FullName>
      <ModuleName>System.Reflection.Emit.ILGeneration</ModuleName>
      <Classes />
    </Module>
    <Module skippedDueTo="Filter" hash="53-51-DE-71-1E-D6-F1-25-F4-79-38-05-C1-C5-3A-7A-AF-A7-F7-8A">
      <FullName>C:\Program Files\dotnet\shared\Microsoft.NETCore.App\2.0.9\System.Reflection.Emit.Lightweight.dll</FullName>
      <ModuleName>System.Reflection.Emit.Lightweight</ModuleName>
      <Classes />
    </Module>
    <Module skippedDueTo="Filter" hash="E9-E6-83-61-AB-A5-0D-3B-28-49-6B-0E-F3-89-2D-3F-A8-E3-8B-23">
      <FullName>C:\Program Files\dotnet\shared\Microsoft.NETCore.App\2.0.9\System.Reflection.Primitives.dll</FullName>
      <ModuleName>System.Reflection.Primitives</ModuleName>
      <Classes />
    </Module>
    <Module skippedDueTo="MissingPdb" hash="">
      <FullName>RefEmit_InMemoryManifestModule</FullName>
      <ModuleName>Anonymously Hosted DynamicMethods Assembly</ModuleName>
      <Classes />
    </Module>
    <Module skippedDueTo="Filter" hash="66-3C-4F-6E-5A-6A-03-85-92-B4-B3-A1-5C-C0-BA-B1-FA-C1-B5-44">
      <FullName>C:\Program Files\dotnet\shared\Microsoft.NETCore.App\2.0.9\System.ObjectModel.dll</FullName>
      <ModuleName>System.ObjectModel</ModuleName>
      <Classes />
    </Module>
    <Module skippedDueTo="Filter" hash="94-47-2A-D2-AC-C8-E2-22-B9-4B-BD-71-39-0B-E3-50-D2-07-0D-CB">
      <FullName>C:\Program Files\dotnet\shared\Microsoft.NETCore.App\2.0.9\System.Text.Encoding.dll</FullName>
      <ModuleName>System.Text.Encoding</ModuleName>
      <Classes />
    </Module>
    <Module skippedDueTo="MissingPdb" hash="FD-E7-B3-9B-4D-5E-4F-75-A4-7E-87-45-E1-14-17-9D-E7-E1-08-D4">
      <FullName>c:\Projects\NetworkAdapterManager\NetManager.Tests\bin\Debug\netcoreapp2.0\NetManager.Domain.dll</FullName>
      <ModuleName>NetManager.Domain</ModuleName>
      <Classes />
    </Module>
    <Module skippedDueTo="Filter" hash="E5-33-2C-48-C3-60-6C-04-D3-A8-36-9A-4C-A4-75-D3-5B-4F-86-80">
      <FullName>C:\Program Files\dotnet\shared\Microsoft.NETCore.App\2.0.9\System.Net.NetworkInformation.dll</FullName>
      <ModuleName>System.Net.NetworkInformation</ModuleName>
      <Classes />
    </Module>
    <Module skippedDueTo="MissingPdb" hash="C5-1D-7B-AC-3A-97-30-83-1D-11-35-B9-89-FD-C3-26-72-04-5F-26">
      <FullName>C:\Program Files\dotnet\shared\Microsoft.NETCore.App\2.0.9\Microsoft.Win32.Primitives.dll</FullName>
      <ModuleName>Microsoft.Win32.Primitives</ModuleName>
      <Classes />
    </Module>
    <Module skippedDueTo="MissingPdb" hash="B8-F5-F3-D5-06-36-35-76-5B-E0-BE-AB-80-32-9A-0C-1D-A8-76-19">
      <FullName>C:\Users\alex\.nuget\packages\xunit.assert\2.4.1\lib\netstandard1.1\xunit.assert.dll</FullName>
      <ModuleName>xunit.assert</ModuleName>
      <Classes />
    </Module>
    <Module skippedDueTo="Filter" hash="9E-DA-C3-FF-B2-91-EE-0A-AC-32-73-31-EC-D1-DA-17-9A-20-30-8A">
      <FullName>C:\Program Files\dotnet\shared\Microsoft.NETCore.App\2.0.9\System.Diagnostics.Tracing.dll</FullName>
      <ModuleName>System.Diagnostics.Tracing</ModuleName>
      <Classes />
    </Module>
  </Modules>
</CoverageSession>